Release 10.1 Map K.31 (nt)
Xilinx Mapping Report File for Design 'Alu32'

Design Information
------------------
Command Line   : map -ise "C:/Documents and
Settings/student/EE533-lab2/EE533verilog/EE533verilog.ise" -intstyle ise -p
xc3s700a-fg484-4 -cm area -pr off -k 4 -c 100 -o Alu32_map.ncd Alu32.ngd
Alu32.pcf 
Target Device  : xc3s700a
Target Package : fg484
Target Speed   : -4
Mapper Version : spartan3a -- $Revision: 1.46 $
Mapped Date    : Sat Jan 24 18:30:58 2026

Design Summary
--------------
Number of errors:      0
Number of warnings:    2
Logic Utilization:
  Number of 4 input LUTs:               126 out of  11,776    1%
Logic Distribution:
  Number of occupied Slices:             63 out of   5,888    1%
    Number of Slices containing only related logic:      63 out of      63 100%
    Number of Slices containing unrelated logic:          0 out of      63   0%
      *See NOTES below for an explanation of the effects of unrelated logic.
  Total Number of 4 input LUTs:         126 out of  11,776    1%
  Number of bonded IOBs:                100 out of     372   26%

Peak Memory Usage:  158 MB
Total REAL time to MAP completion:  1 secs 
Total CPU time to MAP completion:   0 secs 

NOTES:

   Related logic is defined as being logic that shares connectivity - e.g. two
   LUTs are "related" if they share common inputs.  When assembling slices,
   Map gives priority to combine logic that is related.  Doing so results in
   the best timing performance.

   Unrelated logic shares no connectivity.  Map will only begin packing
   unrelated logic into a slice once 99% of the slices are occupied through
   related logic packing.

   Note that once logic distribution reaches the 99% level through related
   logic packing, this does not mean the device is completely utilized.
   Unrelated logic packing will then begin, continuing until all usable LUTs
   and FFs are occupied.  Depending on your timing budget, increased levels of
   unrelated logic packing may adversely affect the overall timing performance
   of your design.

Table of Contents
-----------------
Section 1 - Errors
Section 2 - Warnings
Section 3 - Informational
Section 4 - Removed Logic Summary
Section 5 - Removed Logic
Section 6 - IOB Properties
Section 7 - RPMs
Section 8 - Guide Report
Section 9 - Area Group and Partition Summary
Section 10 - Modular Design Summary
Section 11 - Timing Report
Section 12 - Configuration String Information
Section 13 - Control Set Information
Section 14 - Utilization by Hierarchy

Section 1 - Errors
------------------

Section 2 - Warnings
--------------------
WARNING:LIT:243 - Logical network CLK has no load.
WARNING:LIT:395 - The above warning message base_net_load_rule is repeated 2
   more times for the following (max. 5 shown):
   EN,
   RST
   To see the details of these warning messages, please use the -detail switch.

Section 3 - Informational
-------------------------
INFO:MapLib:562 - No environment variables are currently set.
INFO:LIT:244 - All of the single ended outputs in this design are using slew
   rate limited output drivers. The delay on speed critical single ended outputs
   can be dramatically reduced by designating them as fast outputs.

Section 4 - Removed Logic Summary
---------------------------------

Section 5 - Removed Logic
-------------------------

Section 6 - IOB Properties
--------------------------

+--------------------------------------------------------------------------------------------------------------------------------------------------------------+
| IOB Name                           | Type             | Direction | IO Standard | Drive    | Slew    | Reg (s)      | Resistor | IBUF/IFD | SUSPEND          |
|                                    |                  |           |             | Strength | Rate    |              |          | Delay    |                  |
+--------------------------------------------------------------------------------------------------------------------------------------------------------------+
| A<0>                               | IBUF             | INPUT     | LVCMOS25    |          |         |              |          | 0 / 0    |                  |
| A<1>                               | IBUF             | INPUT     | LVCMOS25    |          |         |              |          | 0 / 0    |                  |
| A<2>                               | IBUF             | INPUT     | LVCMOS25    |          |         |              |          | 0 / 0    |                  |
| A<3>                               | IBUF             | INPUT     | LVCMOS25    |          |         |              |          | 0 / 0    |                  |
| A<4>                               | IBUF             | INPUT     | LVCMOS25    |          |         |              |          | 0 / 0    |                  |
| A<5>                               | IBUF             | INPUT     | LVCMOS25    |          |         |              |          | 0 / 0    |                  |
| A<6>                               | IBUF             | INPUT     | LVCMOS25    |          |         |              |          | 0 / 0    |                  |
| A<7>                               | IBUF             | INPUT     | LVCMOS25    |          |         |              |          | 0 / 0    |                  |
| A<8>                               | IBUF             | INPUT     | LVCMOS25    |          |         |              |          | 0 / 0    |                  |
| A<9>                               | IBUF             | INPUT     | LVCMOS25    |          |         |              |          | 0 / 0    |                  |
| A<10>                              | IBUF             | INPUT     | LVCMOS25    |          |         |              |          | 0 / 0    |                  |
| A<11>                              | IBUF             | INPUT     | LVCMOS25    |          |         |              |          | 0 / 0    |                  |
| A<12>                              | IBUF             | INPUT     | LVCMOS25    |          |         |              |          | 0 / 0    |                  |
| A<13>                              | IBUF             | INPUT     | LVCMOS25    |          |         |              |          | 0 / 0    |                  |
| A<14>                              | IBUF             | INPUT     | LVCMOS25    |          |         |              |          | 0 / 0    |                  |
| A<15>                              | IBUF             | INPUT     | LVCMOS25    |          |         |              |          | 0 / 0    |                  |
| A<16>                              | IBUF             | INPUT     | LVCMOS25    |          |         |              |          | 0 / 0    |                  |
| A<17>                              | IBUF             | INPUT     | LVCMOS25    |          |         |              |          | 0 / 0    |                  |
| A<18>                              | IBUF             | INPUT     | LVCMOS25    |          |         |              |          | 0 / 0    |                  |
| A<19>                              | IBUF             | INPUT     | LVCMOS25    |          |         |              |          | 0 / 0    |                  |
| A<20>                              | IBUF             | INPUT     | LVCMOS25    |          |         |              |          | 0 / 0    |                  |
| A<21>                              | IBUF             | INPUT     | LVCMOS25    |          |         |              |          | 0 / 0    |                  |
| A<22>                              | IBUF             | INPUT     | LVCMOS25    |          |         |              |          | 0 / 0    |                  |
| A<23>                              | IBUF             | INPUT     | LVCMOS25    |          |         |              |          | 0 / 0    |                  |
| A<24>                              | IBUF             | INPUT     | LVCMOS25    |          |         |              |          | 0 / 0    |                  |
| A<25>                              | IBUF             | INPUT     | LVCMOS25    |          |         |              |          | 0 / 0    |                  |
| A<26>                              | IBUF             | INPUT     | LVCMOS25    |          |         |              |          | 0 / 0    |                  |
| A<27>                              | IBUF             | INPUT     | LVCMOS25    |          |         |              |          | 0 / 0    |                  |
| A<28>                              | IBUF             | INPUT     | LVCMOS25    |          |         |              |          | 0 / 0    |                  |
| A<29>                              | IBUF             | INPUT     | LVCMOS25    |          |         |              |          | 0 / 0    |                  |
| A<30>                              | IBUF             | INPUT     | LVCMOS25    |          |         |              |          | 0 / 0    |                  |
| A<31>                              | IBUF             | INPUT     | LVCMOS25    |          |         |              |          | 0 / 0    |                  |
| ADD_SUB_in                         | IBUF             | INPUT     | LVCMOS25    |          |         |              |          | 0 / 0    |                  |
| B<0>                               | IBUF             | INPUT     | LVCMOS25    |          |         |              |          | 0 / 0    |                  |
| B<1>                               | IBUF             | INPUT     | LVCMOS25    |          |         |              |          | 0 / 0    |                  |
| B<2>                               | IBUF             | INPUT     | LVCMOS25    |          |         |              |          | 0 / 0    |                  |
| B<3>                               | IBUF             | INPUT     | LVCMOS25    |          |         |              |          | 0 / 0    |                  |
| B<4>                               | IBUF             | INPUT     | LVCMOS25    |          |         |              |          | 0 / 0    |                  |
| B<5>                               | IBUF             | INPUT     | LVCMOS25    |          |         |              |          | 0 / 0    |                  |
| B<6>                               | IBUF             | INPUT     | LVCMOS25    |          |         |              |          | 0 / 0    |                  |
| B<7>                               | IBUF             | INPUT     | LVCMOS25    |          |         |              |          | 0 / 0    |                  |
| B<8>                               | IBUF             | INPUT     | LVCMOS25    |          |         |              |          | 0 / 0    |                  |
| B<9>                               | IBUF             | INPUT     | LVCMOS25    |          |         |              |          | 0 / 0    |                  |
| B<10>                              | IBUF             | INPUT     | LVCMOS25    |          |         |              |          | 0 / 0    |                  |
| B<11>                              | IBUF             | INPUT     | LVCMOS25    |          |         |              |          | 0 / 0    |                  |
| B<12>                              | IBUF             | INPUT     | LVCMOS25    |          |         |              |          | 0 / 0    |                  |
| B<13>                              | IBUF             | INPUT     | LVCMOS25    |          |         |              |          | 0 / 0    |                  |
| B<14>                              | IBUF             | INPUT     | LVCMOS25    |          |         |              |          | 0 / 0    |                  |
| B<15>                              | IBUF             | INPUT     | LVCMOS25    |          |         |              |          | 0 / 0    |                  |
| B<16>                              | IBUF             | INPUT     | LVCMOS25    |          |         |              |          | 0 / 0    |                  |
| B<17>                              | IBUF             | INPUT     | LVCMOS25    |          |         |              |          | 0 / 0    |                  |
| B<18>                              | IBUF             | INPUT     | LVCMOS25    |          |         |              |          | 0 / 0    |                  |
| B<19>                              | IBUF             | INPUT     | LVCMOS25    |          |         |              |          | 0 / 0    |                  |
| B<20>                              | IBUF             | INPUT     | LVCMOS25    |          |         |              |          | 0 / 0    |                  |
| B<21>                              | IBUF             | INPUT     | LVCMOS25    |          |         |              |          | 0 / 0    |                  |
| B<22>                              | IBUF             | INPUT     | LVCMOS25    |          |         |              |          | 0 / 0    |                  |
| B<23>                              | IBUF             | INPUT     | LVCMOS25    |          |         |              |          | 0 / 0    |                  |
| B<24>                              | IBUF             | INPUT     | LVCMOS25    |          |         |              |          | 0 / 0    |                  |
| B<25>                              | IBUF             | INPUT     | LVCMOS25    |          |         |              |          | 0 / 0    |                  |
| B<26>                              | IBUF             | INPUT     | LVCMOS25    |          |         |              |          | 0 / 0    |                  |
| B<27>                              | IBUF             | INPUT     | LVCMOS25    |          |         |              |          | 0 / 0    |                  |
| B<28>                              | IBUF             | INPUT     | LVCMOS25    |          |         |              |          | 0 / 0    |                  |
| B<29>                              | IBUF             | INPUT     | LVCMOS25    |          |         |              |          | 0 / 0    |                  |
| B<30>                              | IBUF             | INPUT     | LVCMOS25    |          |         |              |          | 0 / 0    |                  |
| B<31>                              | IBUF             | INPUT     | LVCMOS25    |          |         |              |          | 0 / 0    |                  |
| LRshift_in                         | IBUF             | INPUT     | LVCMOS25    |          |         |              |          | 0 / 0    |                  |
| OPcode_in<0>                       | IBUF             | INPUT     | LVCMOS25    |          |         |              |          | 0 / 0    |                  |
| OPcode_in<1>                       | IBUF             | INPUT     | LVCMOS25    |          |         |              |          | 0 / 0    |                  |
| Result<0>                          | IOB              | OUTPUT    | LVCMOS25    | 12       | SLOW    |              |          | 0 / 0    | 3STATE           |
| Result<1>                          | IOB              | OUTPUT    | LVCMOS25    | 12       | SLOW    |              |          | 0 / 0    | 3STATE           |
| Result<2>                          | IOB              | OUTPUT    | LVCMOS25    | 12       | SLOW    |              |          | 0 / 0    | 3STATE           |
| Result<3>                          | IOB              | OUTPUT    | LVCMOS25    | 12       | SLOW    |              |          | 0 / 0    | 3STATE           |
| Result<4>                          | IOB              | OUTPUT    | LVCMOS25    | 12       | SLOW    |              |          | 0 / 0    | 3STATE           |
| Result<5>                          | IOB              | OUTPUT    | LVCMOS25    | 12       | SLOW    |              |          | 0 / 0    | 3STATE           |
| Result<6>                          | IOB              | OUTPUT    | LVCMOS25    | 12       | SLOW    |              |          | 0 / 0    | 3STATE           |
| Result<7>                          | IOB              | OUTPUT    | LVCMOS25    | 12       | SLOW    |              |          | 0 / 0    | 3STATE           |
| Result<8>                          | IOB              | OUTPUT    | LVCMOS25    | 12       | SLOW    |              |          | 0 / 0    | 3STATE           |
| Result<9>                          | IOB              | OUTPUT    | LVCMOS25    | 12       | SLOW    |              |          | 0 / 0    | 3STATE           |
| Result<10>                         | IOB              | OUTPUT    | LVCMOS25    | 12       | SLOW    |              |          | 0 / 0    | 3STATE           |
| Result<11>                         | IOB              | OUTPUT    | LVCMOS25    | 12       | SLOW    |              |          | 0 / 0    | 3STATE           |
| Result<12>                         | IOB              | OUTPUT    | LVCMOS25    | 12       | SLOW    |              |          | 0 / 0    | 3STATE           |
| Result<13>                         | IOB              | OUTPUT    | LVCMOS25    | 12       | SLOW    |              |          | 0 / 0    | 3STATE           |
| Result<14>                         | IOB              | OUTPUT    | LVCMOS25    | 12       | SLOW    |              |          | 0 / 0    | 3STATE           |
| Result<15>                         | IOB              | OUTPUT    | LVCMOS25    | 12       | SLOW    |              |          | 0 / 0    | 3STATE           |
| Result<16>                         | IOB              | OUTPUT    | LVCMOS25    | 12       | SLOW    |              |          | 0 / 0    | 3STATE           |
| Result<17>                         | IOB              | OUTPUT    | LVCMOS25    | 12       | SLOW    |              |          | 0 / 0    | 3STATE           |
| Result<18>                         | IOB              | OUTPUT    | LVCMOS25    | 12       | SLOW    |              |          | 0 / 0    | 3STATE           |
| Result<19>                         | IOB              | OUTPUT    | LVCMOS25    | 12       | SLOW    |              |          | 0 / 0    | 3STATE           |
| Result<20>                         | IOB              | OUTPUT    | LVCMOS25    | 12       | SLOW    |              |          | 0 / 0    | 3STATE           |
| Result<21>                         | IOB              | OUTPUT    | LVCMOS25    | 12       | SLOW    |              |          | 0 / 0    | 3STATE           |
| Result<22>                         | IOB              | OUTPUT    | LVCMOS25    | 12       | SLOW    |              |          | 0 / 0    | 3STATE           |
| Result<23>                         | IOB              | OUTPUT    | LVCMOS25    | 12       | SLOW    |              |          | 0 / 0    | 3STATE           |
| Result<24>                         | IOB              | OUTPUT    | LVCMOS25    | 12       | SLOW    |              |          | 0 / 0    | 3STATE           |
| Result<25>                         | IOB              | OUTPUT    | LVCMOS25    | 12       | SLOW    |              |          | 0 / 0    | 3STATE           |
| Result<26>                         | IOB              | OUTPUT    | LVCMOS25    | 12       | SLOW    |              |          | 0 / 0    | 3STATE           |
| Result<27>                         | IOB              | OUTPUT    | LVCMOS25    | 12       | SLOW    |              |          | 0 / 0    | 3STATE           |
| Result<28>                         | IOB              | OUTPUT    | LVCMOS25    | 12       | SLOW    |              |          | 0 / 0    | 3STATE           |
| Result<29>                         | IOB              | OUTPUT    | LVCMOS25    | 12       | SLOW    |              |          | 0 / 0    | 3STATE           |
| Result<30>                         | IOB              | OUTPUT    | LVCMOS25    | 12       | SLOW    |              |          | 0 / 0    | 3STATE           |
| Result<31>                         | IOB              | OUTPUT    | LVCMOS25    | 12       | SLOW    |              |          | 0 / 0    | 3STATE           |
+--------------------------------------------------------------------------------------------------------------------------------------------------------------+

Section 7 - RPMs
----------------

Section 8 - Guide Report
------------------------
Guide not run on this design.

Section 9 - Area Group and Partition Summary
--------------------------------------------

Partition Implementation Status
-------------------------------

  No Partitions were found in this design.

-------------------------------

Area Group Information
----------------------

  No area groups were found in this design.

----------------------

Section 10 - Modular Design Summary
-----------------------------------
Modular Design not used for this design.

Section 11 - Timing Report
--------------------------
This design was not run using timing mode.

Section 12 - Configuration String Details
-----------------------------------------
Use the "-detail" map option to print out Configuration Strings

Section 13 - Control Set Information
------------------------------------
No control set information for this architecture.

Section 14 - Utilization by Hierarchy
-------------------------------------
+-------------------------------------------------------------------------------------------------------------------------------------------------------------+
| Module             | Partition | Slices        | Slice Reg     | LUTs          | LUTRAM        | BRAM      | MULT18X18 | BUFG  | DCM   | Full Hierarchical  |
+-------------------------------------------------------------------------------------------------------------------------------------------------------------+
| Alu32/             |           | 63/63         | 0/0           | 126/126       | 0/0           | 0/0       | 0/0       | 0/0   | 0/0   | Alu32              |
+-------------------------------------------------------------------------------------------------------------------------------------------------------------+

* Slices can be packed with basic elements from multiple hierarchies.
  Therefore, a slice will be counted in every hierarchical module
  that each of its packed basic elements belong to.
** For each column, there are two numbers reported <A>/<B>.
   <A> is the number of elements that belong to that specific hierarchical module.
   <B> is the total number of elements from that hierarchical module and any lower level
   hierarchical modules below.
*** The LUTRAM column counts all LUTs used as memory including RAM, ROM, and shift registers.
