Command line:
   ./tb_Alu32_isim_beh.exe
     -intstyle  ise
     -ipchost  localhost
     -ipcport  1038

Sat Jan 24 18:25:17 2026

Total Line Count : 78

 Elaboration Time: 0.015625 sec

 Current Memory Usage: 141.427 Meg

 Total Signals          : 18
 Total Nets             : 111
 Total Signal Drivers   : 12
 Total Blocks           : 5
 Total Primitive Blocks : 4
 Total Processes        : 16
 Total Traceable Variables  : 33
 Total Scalar Nets and Variables : 425
ntrace select -o on -n /tb_Alu32/Result 
ntrace select -o on -n /tb_Alu32/CLK 
ntrace select -o on -n /tb_Alu32/RST 
ntrace select -o on -n /tb_Alu32/EN 
ntrace select -o on -n /tb_Alu32/OPcode_in 
ntrace select -o on -n /tb_Alu32/ADD_SUB_in 
ntrace select -o on -n /tb_Alu32/LRshift_in 
ntrace select -o on -n /tb_Alu32/A 
ntrace select -o on -n /tb_Alu32/B 
ntrace select -o on -n /tb_Alu32/exp 
ntrace start 
isimrun 1000 ns 
Simulator is doing circuit initialization process.
Finished circuit initialization process.

 Total Simulation Time: 0.046875 sec

 Current Memory Usage: 150.929 Meg

Sat Jan 24 18:30:50 2026

